2022-11-29 21:00:59 - data_module.py[line:35] - INFO: normalizing data...
2022-11-29 21:01:01 - dl_model_cli.py[line:30] - INFO: training model: fork
2022-11-29 21:01:03 - dl_models.py[line:62] - INFO: validating...
2022-11-29 21:01:04 - dl_models.py[line:85] - INFO: validation - loss: 0.6947 acc: 0.4062 epoch: 0
2022-11-29 21:01:06 - dl_models.py[line:62] - INFO: validating...
2022-11-29 21:01:06 - dl_models.py[line:85] - INFO: validation - loss: 0.6849 acc: 0.5875 epoch: 0
2022-11-29 21:01:08 - dl_models.py[line:62] - INFO: validating...
2022-11-29 21:01:08 - dl_models.py[line:85] - INFO: validation - loss: 0.6720 acc: 0.5875 epoch: 1
2022-11-29 21:01:09 - dl_models.py[line:62] - INFO: validating...
2022-11-29 21:01:10 - dl_models.py[line:85] - INFO: validation - loss: 0.6648 acc: 0.5875 epoch: 2
2022-11-29 21:01:11 - dl_models.py[line:62] - INFO: validating...
2022-11-29 21:01:11 - dl_models.py[line:85] - INFO: validation - loss: 0.6567 acc: 0.5875 epoch: 3
2022-11-29 21:01:13 - dl_models.py[line:62] - INFO: validating...
2022-11-29 21:01:13 - dl_models.py[line:85] - INFO: validation - loss: 0.6459 acc: 0.5919 epoch: 4
2022-11-29 21:01:15 - dl_models.py[line:62] - INFO: validating...
2022-11-29 21:01:15 - dl_models.py[line:85] - INFO: validation - loss: 0.6344 acc: 0.6234 epoch: 5
2022-11-29 21:01:17 - dl_models.py[line:62] - INFO: validating...
2022-11-29 21:01:17 - dl_models.py[line:85] - INFO: validation - loss: 0.6263 acc: 0.6398 epoch: 6
2022-11-29 21:01:19 - dl_models.py[line:62] - INFO: validating...
2022-11-29 21:01:19 - dl_models.py[line:85] - INFO: validation - loss: 0.6177 acc: 0.6366 epoch: 7
2022-11-29 21:01:20 - dl_models.py[line:62] - INFO: validating...
2022-11-29 21:01:21 - dl_models.py[line:85] - INFO: validation - loss: 0.6130 acc: 0.6486 epoch: 8
2022-11-29 21:01:22 - dl_models.py[line:62] - INFO: validating...
2022-11-29 21:01:22 - dl_models.py[line:85] - INFO: validation - loss: 0.6075 acc: 0.6524 epoch: 9
2022-11-29 21:01:24 - dl_models.py[line:62] - INFO: validating...
2022-11-29 21:01:24 - dl_models.py[line:85] - INFO: validation - loss: 0.6041 acc: 0.6524 epoch: 10
2022-11-29 21:01:26 - dl_models.py[line:62] - INFO: validating...
2022-11-29 21:01:26 - dl_models.py[line:85] - INFO: validation - loss: 0.5993 acc: 0.6549 epoch: 11
2022-11-29 21:01:28 - dl_models.py[line:62] - INFO: validating...
2022-11-29 21:01:28 - dl_models.py[line:85] - INFO: validation - loss: 0.5949 acc: 0.6606 epoch: 12
2022-11-29 21:01:29 - dl_models.py[line:62] - INFO: validating...
2022-11-29 21:01:30 - dl_models.py[line:85] - INFO: validation - loss: 0.5930 acc: 0.6581 epoch: 13
2022-11-29 21:01:31 - dl_models.py[line:62] - INFO: validating...
2022-11-29 21:01:31 - dl_models.py[line:85] - INFO: validation - loss: 0.5906 acc: 0.6625 epoch: 14
2022-11-29 21:01:33 - dl_models.py[line:62] - INFO: validating...
2022-11-29 21:01:33 - dl_models.py[line:85] - INFO: validation - loss: 0.5863 acc: 0.6757 epoch: 15
2022-11-29 21:01:35 - dl_models.py[line:62] - INFO: validating...
2022-11-29 21:01:35 - dl_models.py[line:85] - INFO: validation - loss: 0.5840 acc: 0.6801 epoch: 16
2022-11-29 21:01:37 - dl_models.py[line:62] - INFO: validating...
2022-11-29 21:01:37 - dl_models.py[line:85] - INFO: validation - loss: 0.5841 acc: 0.6851 epoch: 17
2022-11-29 21:01:39 - dl_models.py[line:62] - INFO: validating...
2022-11-29 21:01:39 - dl_models.py[line:85] - INFO: validation - loss: 0.5780 acc: 0.6870 epoch: 18
2022-11-29 21:01:40 - dl_models.py[line:62] - INFO: validating...
2022-11-29 21:01:41 - dl_models.py[line:85] - INFO: validation - loss: 0.5797 acc: 0.6952 epoch: 19
2022-11-29 21:01:42 - dl_models.py[line:62] - INFO: validating...
2022-11-29 21:01:43 - dl_models.py[line:85] - INFO: validation - loss: 0.5857 acc: 0.6832 epoch: 20
2022-11-29 21:01:44 - dl_models.py[line:62] - INFO: validating...
2022-11-29 21:01:44 - dl_models.py[line:85] - INFO: validation - loss: 0.5728 acc: 0.6990 epoch: 21
2022-11-29 21:01:46 - dl_models.py[line:62] - INFO: validating...
2022-11-29 21:01:46 - dl_models.py[line:85] - INFO: validation - loss: 0.5746 acc: 0.6971 epoch: 22
2022-11-29 21:01:48 - dl_models.py[line:62] - INFO: validating...
2022-11-29 21:01:48 - dl_models.py[line:85] - INFO: validation - loss: 0.5698 acc: 0.6990 epoch: 23
2022-11-29 21:01:49 - dl_models.py[line:62] - INFO: validating...
2022-11-29 21:01:50 - dl_models.py[line:85] - INFO: validation - loss: 0.5678 acc: 0.7009 epoch: 24
2022-11-29 21:01:51 - dl_models.py[line:62] - INFO: validating...
2022-11-29 21:01:51 - dl_models.py[line:85] - INFO: validation - loss: 0.5669 acc: 0.6971 epoch: 25
2022-11-29 21:01:53 - dl_models.py[line:62] - INFO: validating...
2022-11-29 21:01:53 - dl_models.py[line:85] - INFO: validation - loss: 0.5737 acc: 0.7021 epoch: 26
2022-11-29 21:01:55 - dl_models.py[line:62] - INFO: validating...
2022-11-29 21:01:55 - dl_models.py[line:85] - INFO: validation - loss: 0.5648 acc: 0.7047 epoch: 27
2022-11-29 21:01:57 - dl_models.py[line:62] - INFO: validating...
2022-11-29 21:01:57 - dl_models.py[line:85] - INFO: validation - loss: 0.5686 acc: 0.7078 epoch: 28
2022-11-29 21:01:58 - dl_models.py[line:62] - INFO: validating...
2022-11-29 21:01:59 - dl_models.py[line:85] - INFO: validation - loss: 0.5650 acc: 0.7103 epoch: 29
2022-11-29 21:02:00 - dl_models.py[line:62] - INFO: validating...
2022-11-29 21:02:01 - dl_models.py[line:85] - INFO: validation - loss: 0.5663 acc: 0.7135 epoch: 30
2022-11-29 21:02:02 - dl_models.py[line:62] - INFO: validating...
2022-11-29 21:02:03 - dl_models.py[line:85] - INFO: validation - loss: 0.5630 acc: 0.7103 epoch: 31
2022-11-29 21:02:04 - dl_models.py[line:62] - INFO: validating...
2022-11-29 21:02:04 - dl_models.py[line:85] - INFO: validation - loss: 0.5649 acc: 0.7141 epoch: 32
2022-11-29 21:02:06 - dl_models.py[line:62] - INFO: validating...
2022-11-29 21:02:06 - dl_models.py[line:85] - INFO: validation - loss: 0.5680 acc: 0.7147 epoch: 33
2022-11-29 21:02:08 - dl_models.py[line:62] - INFO: validating...
2022-11-29 21:02:08 - dl_models.py[line:85] - INFO: validation - loss: 0.5665 acc: 0.7160 epoch: 34
2022-11-29 21:02:09 - dl_models.py[line:62] - INFO: validating...
2022-11-29 21:02:10 - dl_models.py[line:85] - INFO: validation - loss: 0.5654 acc: 0.7128 epoch: 35
2022-11-29 21:02:11 - dl_models.py[line:62] - INFO: validating...
2022-11-29 21:02:11 - dl_models.py[line:85] - INFO: validation - loss: 0.5690 acc: 0.7122 epoch: 36
2022-11-29 21:02:13 - dl_models.py[line:62] - INFO: validating...
2022-11-29 21:02:13 - dl_models.py[line:85] - INFO: validation - loss: 0.5719 acc: 0.7147 epoch: 37
2022-11-29 21:02:15 - dl_models.py[line:62] - INFO: validating...
2022-11-29 21:02:15 - dl_models.py[line:85] - INFO: validation - loss: 0.5681 acc: 0.7179 epoch: 38
2022-11-29 21:02:16 - dl_models.py[line:62] - INFO: validating...
2022-11-29 21:02:17 - dl_models.py[line:85] - INFO: validation - loss: 0.5706 acc: 0.7210 epoch: 39
2022-11-29 21:02:18 - dl_models.py[line:62] - INFO: validating...
2022-11-29 21:02:19 - dl_models.py[line:85] - INFO: validation - loss: 0.5733 acc: 0.7198 epoch: 40
2022-11-29 21:02:20 - dl_models.py[line:62] - INFO: validating...
2022-11-29 21:02:20 - dl_models.py[line:85] - INFO: validation - loss: 0.5767 acc: 0.7210 epoch: 41
2022-11-29 21:02:22 - dl_models.py[line:62] - INFO: validating...
2022-11-29 21:02:22 - dl_models.py[line:85] - INFO: validation - loss: 0.5772 acc: 0.7185 epoch: 42
2022-11-29 21:02:23 - dl_models.py[line:62] - INFO: validating...
2022-11-29 21:02:24 - dl_models.py[line:85] - INFO: validation - loss: 0.5755 acc: 0.7191 epoch: 43
2022-11-29 21:02:25 - dl_models.py[line:62] - INFO: validating...
2022-11-29 21:02:25 - dl_models.py[line:85] - INFO: validation - loss: 0.5778 acc: 0.7179 epoch: 44
2022-11-29 21:02:27 - dl_models.py[line:62] - INFO: validating...
2022-11-29 21:02:27 - dl_models.py[line:85] - INFO: validation - loss: 0.5823 acc: 0.7166 epoch: 45
2022-11-29 21:02:28 - dl_models.py[line:62] - INFO: validating...
2022-11-29 21:02:29 - dl_models.py[line:85] - INFO: validation - loss: 0.5961 acc: 0.7122 epoch: 46
2022-11-29 21:02:30 - dl_models.py[line:62] - INFO: validating...
2022-11-29 21:02:30 - dl_models.py[line:85] - INFO: validation - loss: 0.5939 acc: 0.7160 epoch: 47
2022-11-29 21:02:32 - dl_models.py[line:62] - INFO: validating...
2022-11-29 21:02:32 - dl_models.py[line:85] - INFO: validation - loss: 0.5853 acc: 0.7179 epoch: 48
2022-11-29 21:02:34 - dl_models.py[line:62] - INFO: validating...
2022-11-29 21:02:34 - dl_models.py[line:85] - INFO: validation - loss: 0.5900 acc: 0.7173 epoch: 49
2022-11-29 21:02:35 - dl_models.py[line:62] - INFO: validating...
2022-11-29 21:02:36 - dl_models.py[line:85] - INFO: validation - loss: 0.5901 acc: 0.7204 epoch: 50
2022-11-29 21:02:37 - dl_models.py[line:62] - INFO: validating...
2022-11-29 21:02:37 - dl_models.py[line:85] - INFO: validation - loss: 0.5952 acc: 0.7198 epoch: 51
2022-11-29 21:02:39 - dl_models.py[line:62] - INFO: validating...
2022-11-29 21:02:39 - dl_models.py[line:85] - INFO: validation - loss: 0.5906 acc: 0.7160 epoch: 52
2022-11-29 21:02:40 - dl_models.py[line:62] - INFO: validating...
2022-11-29 21:02:41 - dl_models.py[line:85] - INFO: validation - loss: 0.5943 acc: 0.7160 epoch: 53
2022-11-29 21:02:42 - dl_models.py[line:62] - INFO: validating...
2022-11-29 21:02:42 - dl_models.py[line:85] - INFO: validation - loss: 0.5983 acc: 0.7141 epoch: 54
2022-11-29 21:02:44 - dl_models.py[line:62] - INFO: validating...
2022-11-29 21:02:44 - dl_models.py[line:85] - INFO: validation - loss: 0.6090 acc: 0.7185 epoch: 55
2022-11-29 21:02:46 - dl_models.py[line:62] - INFO: validating...
2022-11-29 21:02:46 - dl_models.py[line:85] - INFO: validation - loss: 0.6022 acc: 0.7173 epoch: 56
2022-11-29 21:02:47 - dl_models.py[line:62] - INFO: validating...
2022-11-29 21:02:48 - dl_models.py[line:85] - INFO: validation - loss: 0.5990 acc: 0.7204 epoch: 57
2022-11-29 21:02:49 - dl_models.py[line:62] - INFO: validating...
2022-11-29 21:02:49 - dl_models.py[line:85] - INFO: validation - loss: 0.6078 acc: 0.7204 epoch: 58
2022-11-29 21:02:51 - dl_models.py[line:62] - INFO: validating...
2022-11-29 21:02:51 - dl_models.py[line:85] - INFO: validation - loss: 0.6014 acc: 0.7210 epoch: 59
2022-11-29 21:02:52 - dl_models.py[line:62] - INFO: validating...
2022-11-29 21:02:53 - dl_models.py[line:85] - INFO: validation - loss: 0.6081 acc: 0.7242 epoch: 60
2022-11-29 21:02:54 - dl_models.py[line:62] - INFO: validating...
2022-11-29 21:02:55 - dl_models.py[line:85] - INFO: validation - loss: 0.6154 acc: 0.7179 epoch: 61
2022-11-29 21:02:56 - dl_models.py[line:62] - INFO: validating...
2022-11-29 21:02:56 - dl_models.py[line:85] - INFO: validation - loss: 0.6066 acc: 0.7204 epoch: 62
2022-11-29 21:02:58 - dl_models.py[line:62] - INFO: validating...
2022-11-29 21:02:58 - dl_models.py[line:85] - INFO: validation - loss: 0.6315 acc: 0.7084 epoch: 63
2022-11-29 21:03:00 - dl_models.py[line:62] - INFO: validating...
2022-11-29 21:03:00 - dl_models.py[line:85] - INFO: validation - loss: 0.6141 acc: 0.7204 epoch: 64
2022-11-29 21:03:01 - dl_models.py[line:62] - INFO: validating...
2022-11-29 21:03:03 - dl_models.py[line:85] - INFO: validation - loss: 0.6092 acc: 0.7217 epoch: 65
2022-11-29 21:03:06 - dl_models.py[line:62] - INFO: validating...
2022-11-29 21:03:08 - dl_models.py[line:85] - INFO: validation - loss: 0.6103 acc: 0.7254 epoch: 66
2022-11-29 21:03:10 - dl_models.py[line:62] - INFO: validating...
2022-11-29 21:03:11 - dl_models.py[line:85] - INFO: validation - loss: 0.6123 acc: 0.7210 epoch: 67
2022-11-29 21:03:12 - dl_models.py[line:62] - INFO: validating...
2022-11-29 21:03:12 - dl_models.py[line:85] - INFO: validation - loss: 0.6130 acc: 0.7236 epoch: 68
2022-11-29 21:03:14 - dl_models.py[line:62] - INFO: validating...
2022-11-29 21:03:14 - dl_models.py[line:85] - INFO: validation - loss: 0.6113 acc: 0.7217 epoch: 69
2022-11-29 21:03:15 - dl_models.py[line:62] - INFO: validating...
2022-11-29 21:03:16 - dl_models.py[line:85] - INFO: validation - loss: 0.6140 acc: 0.7236 epoch: 70
2022-11-29 21:03:17 - dl_models.py[line:62] - INFO: validating...
2022-11-29 21:03:17 - dl_models.py[line:85] - INFO: validation - loss: 0.6304 acc: 0.7229 epoch: 71
2022-11-29 21:03:19 - dl_models.py[line:62] - INFO: validating...
2022-11-29 21:03:19 - dl_models.py[line:85] - INFO: validation - loss: 0.6324 acc: 0.7166 epoch: 72
2022-11-29 21:03:20 - dl_models.py[line:62] - INFO: validating...
2022-11-29 21:03:21 - dl_models.py[line:85] - INFO: validation - loss: 0.6161 acc: 0.7154 epoch: 73
2022-11-29 21:03:22 - dl_models.py[line:62] - INFO: validating...
2022-11-29 21:03:23 - dl_models.py[line:85] - INFO: validation - loss: 0.6223 acc: 0.7236 epoch: 74
2022-11-29 21:03:24 - dl_models.py[line:62] - INFO: validating...
2022-11-29 21:03:24 - dl_models.py[line:85] - INFO: validation - loss: 0.6242 acc: 0.7179 epoch: 75
2022-11-29 21:03:26 - dl_models.py[line:62] - INFO: validating...
2022-11-29 21:03:26 - dl_models.py[line:85] - INFO: validation - loss: 0.6232 acc: 0.7179 epoch: 76
2022-11-29 21:03:27 - dl_models.py[line:62] - INFO: validating...
2022-11-29 21:03:28 - dl_models.py[line:85] - INFO: validation - loss: 0.6222 acc: 0.7191 epoch: 77
2022-11-29 21:03:29 - dl_models.py[line:62] - INFO: validating...
2022-11-29 21:03:29 - dl_models.py[line:85] - INFO: validation - loss: 0.6271 acc: 0.7173 epoch: 78
2022-11-29 21:03:31 - dl_models.py[line:62] - INFO: validating...
2022-11-29 21:03:31 - dl_models.py[line:85] - INFO: validation - loss: 0.6258 acc: 0.7191 epoch: 79
2022-11-29 21:03:32 - dl_models.py[line:62] - INFO: validating...
2022-11-29 21:03:33 - dl_models.py[line:85] - INFO: validation - loss: 0.6313 acc: 0.7198 epoch: 80
2022-11-29 21:03:34 - dl_models.py[line:62] - INFO: validating...
2022-11-29 21:03:34 - dl_models.py[line:85] - INFO: validation - loss: 0.6323 acc: 0.7173 epoch: 81
2022-11-29 21:03:36 - dl_models.py[line:62] - INFO: validating...
2022-11-29 21:03:36 - dl_models.py[line:85] - INFO: validation - loss: 0.6285 acc: 0.7191 epoch: 82
2022-11-29 21:03:37 - dl_models.py[line:62] - INFO: validating...
2022-11-29 21:03:38 - dl_models.py[line:85] - INFO: validation - loss: 0.6270 acc: 0.7198 epoch: 83
2022-11-29 21:03:39 - dl_models.py[line:62] - INFO: validating...
2022-11-29 21:03:39 - dl_models.py[line:85] - INFO: validation - loss: 0.6297 acc: 0.7236 epoch: 84
2022-11-29 21:03:41 - dl_models.py[line:62] - INFO: validating...
2022-11-29 21:03:41 - dl_models.py[line:85] - INFO: validation - loss: 0.6323 acc: 0.7160 epoch: 85
2022-11-29 21:03:42 - dl_models.py[line:62] - INFO: validating...
2022-11-29 21:03:43 - dl_models.py[line:85] - INFO: validation - loss: 0.6357 acc: 0.7217 epoch: 86
2022-11-29 21:03:44 - dl_models.py[line:62] - INFO: validating...
2022-11-29 21:03:44 - dl_models.py[line:85] - INFO: validation - loss: 0.6378 acc: 0.7191 epoch: 87
2022-11-29 21:03:46 - dl_models.py[line:62] - INFO: validating...
2022-11-29 21:03:46 - dl_models.py[line:85] - INFO: validation - loss: 0.6473 acc: 0.7160 epoch: 88
2022-11-29 21:03:47 - dl_models.py[line:62] - INFO: validating...
2022-11-29 21:03:48 - dl_models.py[line:85] - INFO: validation - loss: 0.6390 acc: 0.7179 epoch: 89
2022-11-29 21:03:49 - dl_models.py[line:62] - INFO: validating...
2022-11-29 21:03:50 - dl_models.py[line:85] - INFO: validation - loss: 0.6433 acc: 0.7173 epoch: 90
2022-11-29 21:03:51 - dl_models.py[line:62] - INFO: validating...
2022-11-29 21:03:51 - dl_models.py[line:85] - INFO: validation - loss: 0.6354 acc: 0.7173 epoch: 91
2022-11-29 21:03:53 - dl_models.py[line:62] - INFO: validating...
2022-11-29 21:03:53 - dl_models.py[line:85] - INFO: validation - loss: 0.6382 acc: 0.7166 epoch: 92
2022-11-29 21:03:54 - dl_models.py[line:62] - INFO: validating...
2022-11-29 21:03:55 - dl_models.py[line:85] - INFO: validation - loss: 0.6425 acc: 0.7210 epoch: 93
2022-11-29 21:03:56 - dl_models.py[line:62] - INFO: validating...
2022-11-29 21:03:56 - dl_models.py[line:85] - INFO: validation - loss: 0.6444 acc: 0.7166 epoch: 94
2022-11-29 21:03:58 - dl_models.py[line:62] - INFO: validating...
2022-11-29 21:03:58 - dl_models.py[line:85] - INFO: validation - loss: 0.6398 acc: 0.7185 epoch: 95
2022-11-29 21:03:59 - dl_models.py[line:62] - INFO: validating...
2022-11-29 21:04:00 - dl_models.py[line:85] - INFO: validation - loss: 0.6451 acc: 0.7141 epoch: 96
2022-11-29 21:04:01 - dl_models.py[line:62] - INFO: validating...
2022-11-29 21:04:01 - dl_models.py[line:85] - INFO: validation - loss: 0.6472 acc: 0.7179 epoch: 97
2022-11-29 21:04:03 - dl_models.py[line:62] - INFO: validating...
2022-11-29 21:04:03 - dl_models.py[line:85] - INFO: validation - loss: 0.6429 acc: 0.7198 epoch: 98
2022-11-29 21:04:04 - dl_models.py[line:62] - INFO: validating...
2022-11-29 21:04:05 - dl_models.py[line:85] - INFO: validation - loss: 0.6405 acc: 0.7166 epoch: 99
2022-11-29 21:04:05 - evaluation.py[line:32] - INFO: 
    
    ===============================
           Model Evaluation
    -------------------------------
    - accuracy: 0.7417
    - f1-score: 0.6999
    - auc-score: 0.8022
    - confusion matrix: 
        tp:   478    fp:   193
        fn:   217    tn:   699
    ===============================
    
    
