2022-11-28 23:12:07 - data_module.py[line:35] - INFO: normalizing data...
2022-11-28 23:12:09 - dl_model_cli.py[line:30] - INFO: training model: ebd_dnn
2022-11-28 23:12:11 - dl_models.py[line:62] - INFO: validating...
2022-11-28 23:12:13 - dl_models.py[line:85] - INFO: validation - loss: 0.7043 acc: 0.4062 epoch: 0
2022-11-28 23:12:14 - dl_models.py[line:62] - INFO: validating...
2022-11-28 23:12:14 - dl_models.py[line:85] - INFO: validation - loss: 0.6744 acc: 0.5875 epoch: 0
2022-11-28 23:12:16 - dl_models.py[line:62] - INFO: validating...
2022-11-28 23:12:16 - dl_models.py[line:85] - INFO: validation - loss: 0.6610 acc: 0.5875 epoch: 1
2022-11-28 23:12:17 - dl_models.py[line:62] - INFO: validating...
2022-11-28 23:12:18 - dl_models.py[line:85] - INFO: validation - loss: 0.6421 acc: 0.6291 epoch: 2
2022-11-28 23:12:19 - dl_models.py[line:62] - INFO: validating...
2022-11-28 23:12:20 - dl_models.py[line:85] - INFO: validation - loss: 0.6333 acc: 0.6304 epoch: 3
2022-11-28 23:12:21 - dl_models.py[line:62] - INFO: validating...
2022-11-28 23:12:21 - dl_models.py[line:85] - INFO: validation - loss: 0.6292 acc: 0.6335 epoch: 4
2022-11-28 23:12:23 - dl_models.py[line:62] - INFO: validating...
2022-11-28 23:12:23 - dl_models.py[line:85] - INFO: validation - loss: 0.6249 acc: 0.6341 epoch: 5
2022-11-28 23:12:24 - dl_models.py[line:62] - INFO: validating...
2022-11-28 23:12:25 - dl_models.py[line:85] - INFO: validation - loss: 0.6235 acc: 0.6379 epoch: 6
2022-11-28 23:12:26 - dl_models.py[line:62] - INFO: validating...
2022-11-28 23:12:27 - dl_models.py[line:85] - INFO: validation - loss: 0.6231 acc: 0.6379 epoch: 7
2022-11-28 23:12:28 - dl_models.py[line:62] - INFO: validating...
2022-11-28 23:12:28 - dl_models.py[line:85] - INFO: validation - loss: 0.6239 acc: 0.6379 epoch: 8
2022-11-28 23:12:30 - dl_models.py[line:62] - INFO: validating...
2022-11-28 23:12:30 - dl_models.py[line:85] - INFO: validation - loss: 0.6204 acc: 0.6398 epoch: 9
2022-11-28 23:12:31 - dl_models.py[line:62] - INFO: validating...
2022-11-28 23:12:32 - dl_models.py[line:85] - INFO: validation - loss: 0.6189 acc: 0.6455 epoch: 10
2022-11-28 23:12:33 - dl_models.py[line:62] - INFO: validating...
2022-11-28 23:12:34 - dl_models.py[line:85] - INFO: validation - loss: 0.6159 acc: 0.6574 epoch: 11
2022-11-28 23:12:35 - dl_models.py[line:62] - INFO: validating...
2022-11-28 23:12:35 - dl_models.py[line:85] - INFO: validation - loss: 0.6141 acc: 0.6574 epoch: 12
2022-11-28 23:12:37 - dl_models.py[line:62] - INFO: validating...
2022-11-28 23:12:37 - dl_models.py[line:85] - INFO: validation - loss: 0.6116 acc: 0.6599 epoch: 13
2022-11-28 23:12:38 - dl_models.py[line:62] - INFO: validating...
2022-11-28 23:12:39 - dl_models.py[line:85] - INFO: validation - loss: 0.6123 acc: 0.6631 epoch: 14
2022-11-28 23:12:40 - dl_models.py[line:62] - INFO: validating...
2022-11-28 23:12:41 - dl_models.py[line:85] - INFO: validation - loss: 0.6138 acc: 0.6707 epoch: 15
2022-11-28 23:12:42 - dl_models.py[line:62] - INFO: validating...
2022-11-28 23:12:42 - dl_models.py[line:85] - INFO: validation - loss: 0.6275 acc: 0.6625 epoch: 16
2022-11-28 23:12:44 - dl_models.py[line:62] - INFO: validating...
2022-11-28 23:12:44 - dl_models.py[line:85] - INFO: validation - loss: 0.6154 acc: 0.6707 epoch: 17
2022-11-28 23:12:45 - dl_models.py[line:62] - INFO: validating...
2022-11-28 23:12:46 - dl_models.py[line:85] - INFO: validation - loss: 0.6255 acc: 0.6776 epoch: 18
2022-11-28 23:12:47 - dl_models.py[line:62] - INFO: validating...
2022-11-28 23:12:48 - dl_models.py[line:85] - INFO: validation - loss: 0.6313 acc: 0.6770 epoch: 19
2022-11-28 23:12:49 - dl_models.py[line:62] - INFO: validating...
2022-11-28 23:12:49 - dl_models.py[line:85] - INFO: validation - loss: 0.6283 acc: 0.6751 epoch: 20
2022-11-28 23:12:50 - dl_models.py[line:62] - INFO: validating...
2022-11-28 23:12:51 - dl_models.py[line:85] - INFO: validation - loss: 0.6324 acc: 0.6776 epoch: 21
2022-11-28 23:12:52 - dl_models.py[line:62] - INFO: validating...
2022-11-28 23:12:52 - dl_models.py[line:85] - INFO: validation - loss: 0.6444 acc: 0.6820 epoch: 22
2022-11-28 23:12:54 - dl_models.py[line:62] - INFO: validating...
2022-11-28 23:12:54 - dl_models.py[line:85] - INFO: validation - loss: 0.6634 acc: 0.6700 epoch: 23
2022-11-28 23:12:56 - dl_models.py[line:62] - INFO: validating...
2022-11-28 23:12:56 - dl_models.py[line:85] - INFO: validation - loss: 0.6607 acc: 0.6839 epoch: 24
2022-11-28 23:12:57 - dl_models.py[line:62] - INFO: validating...
2022-11-28 23:12:58 - dl_models.py[line:85] - INFO: validation - loss: 0.6811 acc: 0.6826 epoch: 25
2022-11-28 23:12:59 - dl_models.py[line:62] - INFO: validating...
2022-11-28 23:12:59 - dl_models.py[line:85] - INFO: validation - loss: 0.6948 acc: 0.6958 epoch: 26
2022-11-28 23:13:01 - dl_models.py[line:62] - INFO: validating...
2022-11-28 23:13:02 - dl_models.py[line:85] - INFO: validation - loss: 0.7129 acc: 0.6940 epoch: 27
2022-11-28 23:13:07 - dl_models.py[line:62] - INFO: validating...
2022-11-28 23:13:09 - dl_models.py[line:85] - INFO: validation - loss: 0.7214 acc: 0.6971 epoch: 28
2022-11-28 23:13:10 - dl_models.py[line:62] - INFO: validating...
2022-11-28 23:13:10 - dl_models.py[line:85] - INFO: validation - loss: 0.7491 acc: 0.6914 epoch: 29
2022-11-28 23:13:12 - dl_models.py[line:62] - INFO: validating...
2022-11-28 23:13:12 - dl_models.py[line:85] - INFO: validation - loss: 0.8024 acc: 0.6952 epoch: 30
2022-11-28 23:13:13 - dl_models.py[line:62] - INFO: validating...
2022-11-28 23:13:14 - dl_models.py[line:85] - INFO: validation - loss: 0.7976 acc: 0.6971 epoch: 31
2022-11-28 23:13:15 - dl_models.py[line:62] - INFO: validating...
2022-11-28 23:13:15 - dl_models.py[line:85] - INFO: validation - loss: 0.8385 acc: 0.7047 epoch: 32
2022-11-28 23:13:17 - dl_models.py[line:62] - INFO: validating...
2022-11-28 23:13:17 - dl_models.py[line:85] - INFO: validation - loss: 0.8698 acc: 0.6996 epoch: 33
2022-11-28 23:13:18 - dl_models.py[line:62] - INFO: validating...
2022-11-28 23:13:19 - dl_models.py[line:85] - INFO: validation - loss: 0.8926 acc: 0.7003 epoch: 34
2022-11-28 23:13:20 - dl_models.py[line:62] - INFO: validating...
2022-11-28 23:13:20 - dl_models.py[line:85] - INFO: validation - loss: 0.9376 acc: 0.6996 epoch: 35
2022-11-28 23:13:22 - dl_models.py[line:62] - INFO: validating...
2022-11-28 23:13:22 - dl_models.py[line:85] - INFO: validation - loss: 0.9972 acc: 0.6990 epoch: 36
2022-11-28 23:13:23 - dl_models.py[line:62] - INFO: validating...
2022-11-28 23:13:24 - dl_models.py[line:85] - INFO: validation - loss: 1.0167 acc: 0.6940 epoch: 37
2022-11-28 23:13:25 - dl_models.py[line:62] - INFO: validating...
2022-11-28 23:13:26 - dl_models.py[line:85] - INFO: validation - loss: 1.0644 acc: 0.6996 epoch: 38
2022-11-28 23:13:27 - dl_models.py[line:62] - INFO: validating...
2022-11-28 23:13:27 - dl_models.py[line:85] - INFO: validation - loss: 1.1188 acc: 0.6921 epoch: 39
2022-11-28 23:13:29 - dl_models.py[line:62] - INFO: validating...
2022-11-28 23:13:29 - dl_models.py[line:85] - INFO: validation - loss: 1.1872 acc: 0.6877 epoch: 40
2022-11-28 23:13:30 - dl_models.py[line:62] - INFO: validating...
2022-11-28 23:13:31 - dl_models.py[line:85] - INFO: validation - loss: 1.2606 acc: 0.6921 epoch: 41
2022-11-28 23:13:32 - dl_models.py[line:62] - INFO: validating...
2022-11-28 23:13:32 - dl_models.py[line:85] - INFO: validation - loss: 1.3069 acc: 0.6914 epoch: 42
2022-11-28 23:13:34 - dl_models.py[line:62] - INFO: validating...
2022-11-28 23:13:34 - dl_models.py[line:85] - INFO: validation - loss: 1.4034 acc: 0.6984 epoch: 43
2022-11-28 23:13:35 - dl_models.py[line:62] - INFO: validating...
2022-11-28 23:13:36 - dl_models.py[line:85] - INFO: validation - loss: 1.4834 acc: 0.6990 epoch: 44
2022-11-28 23:13:37 - dl_models.py[line:62] - INFO: validating...
2022-11-28 23:13:37 - dl_models.py[line:85] - INFO: validation - loss: 1.5615 acc: 0.6952 epoch: 45
2022-11-28 23:13:39 - dl_models.py[line:62] - INFO: validating...
2022-11-28 23:13:39 - dl_models.py[line:85] - INFO: validation - loss: 1.6400 acc: 0.6958 epoch: 46
2022-11-28 23:13:40 - dl_models.py[line:62] - INFO: validating...
2022-11-28 23:13:41 - dl_models.py[line:85] - INFO: validation - loss: 1.6882 acc: 0.6933 epoch: 47
2022-11-28 23:13:42 - dl_models.py[line:62] - INFO: validating...
2022-11-28 23:13:42 - dl_models.py[line:85] - INFO: validation - loss: 1.7463 acc: 0.6990 epoch: 48
2022-11-28 23:13:44 - dl_models.py[line:62] - INFO: validating...
2022-11-28 23:13:44 - dl_models.py[line:85] - INFO: validation - loss: 1.8118 acc: 0.6933 epoch: 49
2022-11-28 23:13:45 - dl_models.py[line:62] - INFO: validating...
2022-11-28 23:13:46 - dl_models.py[line:85] - INFO: validation - loss: 1.8537 acc: 0.6984 epoch: 50
2022-11-28 23:13:47 - dl_models.py[line:62] - INFO: validating...
2022-11-28 23:13:48 - dl_models.py[line:85] - INFO: validation - loss: 1.8873 acc: 0.6965 epoch: 51
2022-11-28 23:13:49 - dl_models.py[line:62] - INFO: validating...
2022-11-28 23:13:49 - dl_models.py[line:85] - INFO: validation - loss: 1.9182 acc: 0.6990 epoch: 52
2022-11-28 23:13:51 - dl_models.py[line:62] - INFO: validating...
2022-11-28 23:13:51 - dl_models.py[line:85] - INFO: validation - loss: 1.9586 acc: 0.6984 epoch: 53
2022-11-28 23:13:52 - dl_models.py[line:62] - INFO: validating...
2022-11-28 23:13:53 - dl_models.py[line:85] - INFO: validation - loss: 1.9933 acc: 0.7009 epoch: 54
2022-11-28 23:13:54 - dl_models.py[line:62] - INFO: validating...
2022-11-28 23:13:54 - dl_models.py[line:85] - INFO: validation - loss: 2.0215 acc: 0.6984 epoch: 55
2022-11-28 23:13:56 - dl_models.py[line:62] - INFO: validating...
2022-11-28 23:13:56 - dl_models.py[line:85] - INFO: validation - loss: 2.0410 acc: 0.6971 epoch: 56
2022-11-28 23:13:57 - dl_models.py[line:62] - INFO: validating...
2022-11-28 23:13:58 - dl_models.py[line:85] - INFO: validation - loss: 2.0686 acc: 0.6990 epoch: 57
2022-11-28 23:13:59 - dl_models.py[line:62] - INFO: validating...
2022-11-28 23:13:59 - dl_models.py[line:85] - INFO: validation - loss: 2.0993 acc: 0.7003 epoch: 58
2022-11-28 23:14:01 - dl_models.py[line:62] - INFO: validating...
2022-11-28 23:14:01 - dl_models.py[line:85] - INFO: validation - loss: 2.1711 acc: 0.6971 epoch: 59
2022-11-28 23:14:02 - dl_model_cli.py[line:92] - INFO: test_acc: 0.6912
