2022-11-30 12:51:25 - data_module.py[line:35] - INFO: normalizing data...
2022-11-30 12:51:27 - dl_model_cli.py[line:30] - INFO: training model: dnn
2022-11-30 12:51:28 - dl_models.py[line:62] - INFO: validating...
2022-11-30 12:51:30 - dl_models.py[line:85] - INFO: validation - loss: 0.7109 acc: 0.4062 epoch: 0
2022-11-30 12:51:31 - dl_models.py[line:62] - INFO: validating...
2022-11-30 12:51:31 - dl_models.py[line:85] - INFO: validation - loss: 0.6731 acc: 0.5875 epoch: 0
2022-11-30 12:51:32 - dl_models.py[line:62] - INFO: validating...
2022-11-30 12:51:32 - dl_models.py[line:85] - INFO: validation - loss: 0.6638 acc: 0.5875 epoch: 1
2022-11-30 12:51:33 - dl_models.py[line:62] - INFO: validating...
2022-11-30 12:51:34 - dl_models.py[line:85] - INFO: validation - loss: 0.6493 acc: 0.5945 epoch: 2
2022-11-30 12:51:35 - dl_models.py[line:62] - INFO: validating...
2022-11-30 12:51:35 - dl_models.py[line:85] - INFO: validation - loss: 0.6355 acc: 0.6266 epoch: 3
2022-11-30 12:51:37 - dl_models.py[line:62] - INFO: validating...
2022-11-30 12:51:37 - dl_models.py[line:85] - INFO: validation - loss: 0.6347 acc: 0.6310 epoch: 4
2022-11-30 12:51:38 - dl_models.py[line:62] - INFO: validating...
2022-11-30 12:51:38 - dl_models.py[line:85] - INFO: validation - loss: 0.6251 acc: 0.6392 epoch: 5
2022-11-30 12:51:39 - dl_models.py[line:62] - INFO: validating...
2022-11-30 12:51:40 - dl_models.py[line:85] - INFO: validation - loss: 0.6227 acc: 0.6404 epoch: 6
2022-11-30 12:51:41 - dl_models.py[line:62] - INFO: validating...
2022-11-30 12:51:41 - dl_models.py[line:85] - INFO: validation - loss: 0.6233 acc: 0.6392 epoch: 7
2022-11-30 12:51:42 - dl_models.py[line:62] - INFO: validating...
2022-11-30 12:51:43 - dl_models.py[line:85] - INFO: validation - loss: 0.6197 acc: 0.6461 epoch: 8
2022-11-30 12:51:44 - dl_models.py[line:62] - INFO: validating...
2022-11-30 12:51:44 - dl_models.py[line:85] - INFO: validation - loss: 0.6185 acc: 0.6436 epoch: 9
2022-11-30 12:51:45 - dl_models.py[line:62] - INFO: validating...
2022-11-30 12:51:46 - dl_models.py[line:85] - INFO: validation - loss: 0.6186 acc: 0.6423 epoch: 10
2022-11-30 12:51:47 - dl_models.py[line:62] - INFO: validating...
2022-11-30 12:51:47 - dl_models.py[line:85] - INFO: validation - loss: 0.6195 acc: 0.6461 epoch: 11
2022-11-30 12:51:48 - dl_models.py[line:62] - INFO: validating...
2022-11-30 12:51:48 - dl_models.py[line:85] - INFO: validation - loss: 0.6147 acc: 0.6562 epoch: 12
2022-11-30 12:51:49 - dl_models.py[line:62] - INFO: validating...
2022-11-30 12:51:50 - dl_models.py[line:85] - INFO: validation - loss: 0.6142 acc: 0.6612 epoch: 13
2022-11-30 12:51:51 - dl_models.py[line:62] - INFO: validating...
2022-11-30 12:51:51 - dl_models.py[line:85] - INFO: validation - loss: 0.6087 acc: 0.6618 epoch: 14
2022-11-30 12:51:52 - dl_models.py[line:62] - INFO: validating...
2022-11-30 12:51:53 - dl_models.py[line:85] - INFO: validation - loss: 0.6097 acc: 0.6681 epoch: 15
2022-11-30 12:51:54 - dl_models.py[line:62] - INFO: validating...
2022-11-30 12:51:54 - dl_models.py[line:85] - INFO: validation - loss: 0.6069 acc: 0.6713 epoch: 16
2022-11-30 12:51:55 - dl_models.py[line:62] - INFO: validating...
2022-11-30 12:51:56 - dl_models.py[line:85] - INFO: validation - loss: 0.6131 acc: 0.6814 epoch: 17
2022-11-30 12:51:57 - dl_models.py[line:62] - INFO: validating...
2022-11-30 12:51:57 - dl_models.py[line:85] - INFO: validation - loss: 0.6041 acc: 0.6814 epoch: 18
2022-11-30 12:51:58 - dl_models.py[line:62] - INFO: validating...
2022-11-30 12:51:59 - dl_models.py[line:85] - INFO: validation - loss: 0.6042 acc: 0.6814 epoch: 19
2022-11-30 12:52:00 - dl_models.py[line:62] - INFO: validating...
2022-11-30 12:52:00 - dl_models.py[line:85] - INFO: validation - loss: 0.6082 acc: 0.6807 epoch: 20
2022-11-30 12:52:01 - dl_models.py[line:62] - INFO: validating...
2022-11-30 12:52:01 - dl_models.py[line:85] - INFO: validation - loss: 0.6098 acc: 0.6788 epoch: 21
2022-11-30 12:52:02 - dl_models.py[line:62] - INFO: validating...
2022-11-30 12:52:03 - dl_models.py[line:85] - INFO: validation - loss: 0.6180 acc: 0.6883 epoch: 22
2022-11-30 12:52:04 - dl_models.py[line:62] - INFO: validating...
2022-11-30 12:52:04 - dl_models.py[line:85] - INFO: validation - loss: 0.6164 acc: 0.6870 epoch: 23
2022-11-30 12:52:05 - dl_models.py[line:62] - INFO: validating...
2022-11-30 12:52:06 - dl_models.py[line:85] - INFO: validation - loss: 0.6189 acc: 0.6858 epoch: 24
2022-11-30 12:52:07 - dl_models.py[line:62] - INFO: validating...
2022-11-30 12:52:07 - dl_models.py[line:85] - INFO: validation - loss: 0.6235 acc: 0.6839 epoch: 25
2022-11-30 12:52:08 - dl_models.py[line:62] - INFO: validating...
2022-11-30 12:52:08 - dl_models.py[line:85] - INFO: validation - loss: 0.6395 acc: 0.6895 epoch: 26
2022-11-30 12:52:10 - dl_models.py[line:62] - INFO: validating...
2022-11-30 12:52:10 - dl_models.py[line:85] - INFO: validation - loss: 0.6491 acc: 0.6738 epoch: 27
2022-11-30 12:52:11 - dl_models.py[line:62] - INFO: validating...
2022-11-30 12:52:11 - dl_models.py[line:85] - INFO: validation - loss: 0.6483 acc: 0.6921 epoch: 28
2022-11-30 12:52:13 - dl_models.py[line:62] - INFO: validating...
2022-11-30 12:52:13 - dl_models.py[line:85] - INFO: validation - loss: 0.6651 acc: 0.6889 epoch: 29
2022-11-30 12:52:14 - dl_models.py[line:62] - INFO: validating...
2022-11-30 12:52:14 - dl_models.py[line:85] - INFO: validation - loss: 0.6762 acc: 0.6832 epoch: 30
2022-11-30 12:52:15 - dl_models.py[line:62] - INFO: validating...
2022-11-30 12:52:16 - dl_models.py[line:85] - INFO: validation - loss: 0.6812 acc: 0.6814 epoch: 31
2022-11-30 12:52:17 - dl_models.py[line:62] - INFO: validating...
2022-11-30 12:52:17 - dl_models.py[line:85] - INFO: validation - loss: 0.6963 acc: 0.6788 epoch: 32
2022-11-30 12:52:18 - dl_models.py[line:62] - INFO: validating...
2022-11-30 12:52:18 - dl_models.py[line:85] - INFO: validation - loss: 0.7133 acc: 0.6807 epoch: 33
2022-11-30 12:52:19 - dl_models.py[line:62] - INFO: validating...
2022-11-30 12:52:20 - dl_models.py[line:85] - INFO: validation - loss: 0.7227 acc: 0.6776 epoch: 34
2022-11-30 12:52:21 - dl_models.py[line:62] - INFO: validating...
2022-11-30 12:52:21 - dl_models.py[line:85] - INFO: validation - loss: 0.7371 acc: 0.6732 epoch: 35
2022-11-30 12:52:22 - dl_models.py[line:62] - INFO: validating...
2022-11-30 12:52:23 - dl_models.py[line:85] - INFO: validation - loss: 0.7691 acc: 0.6820 epoch: 36
2022-11-30 12:52:24 - dl_models.py[line:62] - INFO: validating...
2022-11-30 12:52:24 - dl_models.py[line:85] - INFO: validation - loss: 0.7860 acc: 0.6713 epoch: 37
2022-11-30 12:52:25 - dl_models.py[line:62] - INFO: validating...
2022-11-30 12:52:25 - dl_models.py[line:85] - INFO: validation - loss: 0.8132 acc: 0.6694 epoch: 38
2022-11-30 12:52:26 - dl_models.py[line:62] - INFO: validating...
2022-11-30 12:52:27 - dl_models.py[line:85] - INFO: validation - loss: 0.8472 acc: 0.6662 epoch: 39
2022-11-30 12:52:27 - evaluation.py[line:32] - INFO: 
    
    ===============================
           Model Evaluation
    -------------------------------
    - accuracy: 0.6767
    - f1-score: 0.5983
    - auc-score: 0.7278
    - confusion matrix: 
        tp:   382    fp:   200
        fn:   313    tn:   692
    ===============================
    
    
